\BOOKMARK [1][-]{section.1}{Introduction}{}% 1
\BOOKMARK [2][-]{subsection.1.1}{Object Design Trade-offs}{section.1}% 2
\BOOKMARK [3][-]{subsubsection.1.1.1}{Buy vs. Build}{subsection.1.1}% 3
\BOOKMARK [3][-]{subsubsection.1.1.2}{Space vs. Speed}{subsection.1.1}% 4
\BOOKMARK [3][-]{subsubsection.1.1.3}{Delivery Time vs. Functionality}{subsection.1.1}% 5
\BOOKMARK [3][-]{subsubsection.1.1.4}{Delivery Time vs. Quality}{subsection.1.1}% 6
\BOOKMARK [3][-]{subsubsection.1.1.5}{Files vs. Databases}{subsection.1.1}% 7
\BOOKMARK [2][-]{subsection.1.2}{Interface Documentation Guidelines}{section.1}% 8
\BOOKMARK [2][-]{subsection.1.3}{Definitions, Acronyms, and Abbreviations}{section.1}% 9
\BOOKMARK [1][-]{section.2}{Packages}{}% 10
\BOOKMARK [2][-]{subsection.2.1}{Package Diagram}{section.2}% 11
\BOOKMARK [2][-]{subsection.2.2}{Package Definition}{section.2}% 12
\BOOKMARK [3][-]{subsubsection.2.2.1}{Tracking Package}{subsection.2.2}% 13
\BOOKMARK [3][-]{subsubsection.2.2.2}{Windows Control Package}{subsection.2.2}% 14
\BOOKMARK [3][-]{subsubsection.2.2.3}{Settings Package}{subsection.2.2}% 15
\BOOKMARK [1][-]{section.3}{Class Interface}{}% 16
\BOOKMARK [2][-]{subsection.3.1}{Class Diagram}{section.3}% 17
\BOOKMARK [2][-]{subsection.3.2}{Class Definition}{section.3}% 18
\BOOKMARK [3][-]{subsubsection.3.2.1}{TrackingModule}{subsection.3.2}% 19
\BOOKMARK [3][-]{subsubsection.3.2.2}{WindowsControlModule}{subsection.3.2}% 20
\BOOKMARK [3][-]{subsubsection.3.2.3}{SettingsModule}{subsection.3.2}% 21
