\BOOKMARK [1][-]{section.1}{Introduction}{}% 1
\BOOKMARK [2][-]{subsection.1.1}{Purpose}{section.1}% 2
\BOOKMARK [2][-]{subsection.1.2}{Scope}{section.1}% 3
\BOOKMARK [2][-]{subsection.1.3}{Definitions, Acronyms, and Abbreviations}{section.1}% 4
\BOOKMARK [2][-]{subsection.1.4}{References}{section.1}% 5
\BOOKMARK [2][-]{subsection.1.5}{Overview}{section.1}% 6
\BOOKMARK [1][-]{section.2}{General Description}{}% 7
\BOOKMARK [2][-]{subsection.2.1}{Product Perspective}{section.2}% 8
\BOOKMARK [2][-]{subsection.2.2}{Product Functions}{section.2}% 9
\BOOKMARK [2][-]{subsection.2.3}{User Characteristics}{section.2}% 10
\BOOKMARK [2][-]{subsection.2.4}{General Constraints}{section.2}% 11
\BOOKMARK [2][-]{subsection.2.5}{Assumptions and Dependencies}{section.2}% 12
\BOOKMARK [1][-]{section.3}{Specific Requirements}{}% 13
\BOOKMARK [2][-]{subsection.3.1}{External Interface Requirements}{section.3}% 14
\BOOKMARK [3][-]{subsubsection.3.1.1}{User Interfaces}{subsection.3.1}% 15
\BOOKMARK [3][-]{subsubsection.3.1.2}{Hardware Interfaces}{subsection.3.1}% 16
\BOOKMARK [3][-]{subsubsection.3.1.3}{Software Interfaces}{subsection.3.1}% 17
\BOOKMARK [3][-]{subsubsection.3.1.4}{Communications Interfaces}{subsection.3.1}% 18
\BOOKMARK [2][-]{subsection.3.2}{Functional Requirements}{section.3}% 19
\BOOKMARK [3][-]{subsubsection.3.2.1}{Functional Requirement or Feature 1}{subsection.3.2}% 20
\BOOKMARK [3][-]{subsubsection.3.2.2}{Functional Requirement or Feature 2}{subsection.3.2}% 21
\BOOKMARK [2][-]{subsection.3.3}{Use Cases}{section.3}% 22
\BOOKMARK [3][-]{subsubsection.3.3.1}{Use Case 1}{subsection.3.3}% 23
\BOOKMARK [3][-]{subsubsection.3.3.2}{Use Case 2}{subsection.3.3}% 24
\BOOKMARK [2][-]{subsection.3.4}{Non-Functional Requirements}{section.3}% 25
\BOOKMARK [3][-]{subsubsection.3.4.1}{Performance}{subsection.3.4}% 26
\BOOKMARK [3][-]{subsubsection.3.4.2}{Reliability}{subsection.3.4}% 27
\BOOKMARK [3][-]{subsubsection.3.4.3}{Availability}{subsection.3.4}% 28
\BOOKMARK [3][-]{subsubsection.3.4.4}{Security}{subsection.3.4}% 29
\BOOKMARK [3][-]{subsubsection.3.4.5}{Maintainability}{subsection.3.4}% 30
\BOOKMARK [3][-]{subsubsection.3.4.6}{Portability}{subsection.3.4}% 31
\BOOKMARK [2][-]{subsection.3.5}{Inverse Requirements}{section.3}% 32
\BOOKMARK [2][-]{subsection.3.6}{Design Constraints}{section.3}% 33
\BOOKMARK [2][-]{subsection.3.7}{Logical Database Requirements}{section.3}% 34
\BOOKMARK [2][-]{subsection.3.8}{Other Requirements}{section.3}% 35
\BOOKMARK [1][-]{section.4}{Project Planning and Risk Management}{}% 36
\BOOKMARK [1][-]{section*.3}{Appendices}{}% 37
