\BOOKMARK [1][-]{section.1}{Introduction}{}% 1
\BOOKMARK [2][-]{subsection.1.1}{Purpose}{section.1}% 2
\BOOKMARK [2][-]{subsection.1.2}{Scope}{section.1}% 3
\BOOKMARK [2][-]{subsection.1.3}{Overview}{section.1}% 4
\BOOKMARK [2][-]{subsection.1.4}{Reference Material}{section.1}% 5
\BOOKMARK [2][-]{subsection.1.5}{Definitions, Acronyms, and Abbreviations}{section.1}% 6
\BOOKMARK [1][-]{section.2}{System Overview}{}% 7
\BOOKMARK [1][-]{section.3}{System Architecture}{}% 8
\BOOKMARK [2][-]{subsection.3.1}{Architectural Design}{section.3}% 9
\BOOKMARK [2][-]{subsection.3.2}{Decomposition Description}{section.3}% 10
\BOOKMARK [2][-]{subsection.3.3}{Design Rationale}{section.3}% 11
\BOOKMARK [1][-]{section.4}{Data Design}{}% 12
\BOOKMARK [2][-]{subsection.4.1}{Data Description}{section.4}% 13
\BOOKMARK [2][-]{subsection.4.2}{Data Dictionary}{section.4}% 14
\BOOKMARK [1][-]{section.5}{Component Design}{}% 15
\BOOKMARK [2][-]{subsection.5.1}{TrackingModule}{section.5}% 16
\BOOKMARK [2][-]{subsection.5.2}{WindowsControlModule}{section.5}% 17
\BOOKMARK [2][-]{subsection.5.3}{SettingsModule}{section.5}% 18
\BOOKMARK [1][-]{section.6}{Human Interface Design}{}% 19
\BOOKMARK [2][-]{subsection.6.1}{Overview of User Interface}{section.6}% 20
\BOOKMARK [2][-]{subsection.6.2}{Screen Images}{section.6}% 21
\BOOKMARK [3][-]{subsubsection.6.2.1}{Tracking Tab}{subsection.6.2}% 22
\BOOKMARK [3][-]{subsubsection.6.2.2}{Windows Control Tab}{subsection.6.2}% 23
\BOOKMARK [2][-]{subsection.6.3}{Screen Objects and Actions}{section.6}% 24
\BOOKMARK [1][-]{section.7}{Requirements Matrix}{}% 25
